hb_money_app/build/outputs/logs/manifest-merger-debug-report.txt
-- Merging decision tree log ---
manifest
ADDED from src\main\AndroidManifest.xml:2:1-73:12
	xmlns:android
		ADDED from src\main\AndroidManifest.xml:2:11-69
	package
		ADDED from src\main\AndroidManifest.xml:3:11-44
		INJECTED from src\main\AndroidManifest.xml
		INJECTED from src\main\AndroidManifest.xml
	android:versionName
		ADDED from src\main\AndroidManifest.xml:5:11-36
		INJECTED from src\main\AndroidManifest.xml
		INJECTED from src\main\AndroidManifest.xml
	android:versionCode
		ADDED from src\main\AndroidManifest.xml:4:11-34
		INJECTED from src\main\AndroidManifest.xml
		INJECTED from src\main\AndroidManifest.xml
uses-sdk
ADDED from src\main\AndroidManifest.xml:6:5-72
MERGED from [com.android.support:support-v4:20.0.0] AndroidManifest.xml:16:5-42
	android:targetSdkVersion
		ADDED from src\main\AndroidManifest.xml:6:41-70
		INJECTED from src\main\AndroidManifest.xml
		INJECTED from src\main\AndroidManifest.xml
	android:minSdkVersion
		ADDED from src\main\AndroidManifest.xml:6:15-40
		INJECTED from src\main\AndroidManifest.xml
		INJECTED from src\main\AndroidManifest.xml
uses-permission#android.permission.DISABLE_KEYGUARD
ADDED from src\main\AndroidManifest.xml:8:5-74
	android:name
		ADDED from src\main\AndroidManifest.xml:8:22-72
uses-permission#android.permission.BIND_ACCESSIBILITY_SERVICE
ADDED from src\main\AndroidManifest.xml:9:5-84
	android:name
		ADDED from src\main\AndroidManifest.xml:9:22-82
uses-permission#android.permission.RECEIVE_USER_PRESENT
ADDED from src\main\AndroidManifest.xml:13:5-79
	android:name
		ADDED from src\main\AndroidManifest.xml:13:22-76
uses-permission#android.permission.INTERNET
ADDED from src\main\AndroidManifest.xml:14:5-67
	android:name
		ADDED from src\main\AndroidManifest.xml:14:22-64
uses-permission#android.permission.WAKE_LOCK
ADDED from src\main\AndroidManifest.xml:15:5-68
	android:name
		ADDED from src\main\AndroidManifest.xml:15:22-65
uses-permission#android.permission.READ_PHONE_STATE
ADDED from src\main\AndroidManifest.xml:16:5-75
	android:name
		ADDED from src\main\AndroidManifest.xml:16:22-72
uses-permission#android.permission.WRITE_EXTERNAL_STORAGE
ADDED from src\main\AndroidManifest.xml:17:5-81
	android:name
		ADDED from src\main\AndroidManifest.xml:17:22-78
uses-permission#android.permission.READ_EXTERNAL_STORAGE
ADDED from src\main\AndroidManifest.xml:18:5-80
	android:name
		ADDED from src\main\AndroidManifest.xml:18:22-77
uses-permission#android.permission.VIBRATE
ADDED from src\main\AndroidManifest.xml:19:5-66
	android:name
		ADDED from src\main\AndroidManifest.xml:19:22-63
uses-permission#android.permission.MOUNT_UNMOUNT_FILESYSTEMS
ADDED from src\main\AndroidManifest.xml:20:5-84
	android:name
		ADDED from src\main\AndroidManifest.xml:20:22-81
uses-permission#android.permission.ACCESS_NETWORK_STATE
ADDED from src\main\AndroidManifest.xml:21:5-79
	android:name
		ADDED from src\main\AndroidManifest.xml:21:22-76
uses-permission#android.permission.WRITE_SETTINGS
ADDED from src\main\AndroidManifest.xml:22:5-73
	android:name
		ADDED from src\main\AndroidManifest.xml:22:22-70
uses-permission#android.permission.ACCESS_COARSE_LOCATION
ADDED from src\main\AndroidManifest.xml:26:5-81
	android:name
		ADDED from src\main\AndroidManifest.xml:26:22-78
uses-permission#android.permission.ACCESS_COARSE_UPDATES
ADDED from src\main\AndroidManifest.xml:27:5-80
	android:name
		ADDED from src\main\AndroidManifest.xml:27:22-77
uses-permission#android.permission.ACCESS_WIFI_STATE
ADDED from src\main\AndroidManifest.xml:28:5-76
	android:name
		ADDED from src\main\AndroidManifest.xml:28:22-73
uses-permission#android.permission.CHANGE_WIFI_STATE
ADDED from src\main\AndroidManifest.xml:29:5-76
	android:name
		ADDED from src\main\AndroidManifest.xml:29:22-73
uses-permission#android.permission.ACCESS_FINE_LOCATION
ADDED from src\main\AndroidManifest.xml:30:5-79
	android:name
		ADDED from src\main\AndroidManifest.xml:30:22-76
uses-permission#android.permission.ACCESS_LOCATION_EXTRA_COMMANDS
ADDED from src\main\AndroidManifest.xml:31:5-89
	android:name
		ADDED from src\main\AndroidManifest.xml:31:22-86
uses-permission#android.permission.CHANGE_NETWORK_STATE
ADDED from src\main\AndroidManifest.xml:32:5-79
	android:name
		ADDED from src\main\AndroidManifest.xml:32:22-76
uses-permission#android.permission.GET_TASKS
ADDED from src\main\AndroidManifest.xml:36:5-68
	android:name
		ADDED from src\main\AndroidManifest.xml:36:22-65
uses-permission#com.android.launcher.permission.INSTALL_SHORTCUT
ADDED from src\main\AndroidManifest.xml:37:5-88
	android:name
		ADDED from src\main\AndroidManifest.xml:37:22-85
uses-permission#android.permission.CHANGE_CONFIGURATION
ADDED from src\main\AndroidManifest.xml:38:5-79
	android:name
		ADDED from src\main\AndroidManifest.xml:38:22-76
application
ADDED from src\main\AndroidManifest.xml:41:5-72:19
MERGED from [com.android.support:support-v4:20.0.0] AndroidManifest.xml:17:5-19
	android:label
		ADDED from src\main\AndroidManifest.xml:41:18-50
	android:icon
		ADDED from src\main\AndroidManifest.xml:42:18-49
	android:theme
		ADDED from src\main\AndroidManifest.xml:44:18-65
	android:name
		ADDED from src\main\AndroidManifest.xml:43:18-50
meta-data#BaiduMobAd_APP_ID
ADDED from src\main\AndroidManifest.xml:46:10-81
	android:name
		ADDED from src\main\AndroidManifest.xml:46:21-53
	android:value
		ADDED from src\main\AndroidManifest.xml:46:54-78
activity#com.baidu.mobads.AppActivity
ADDED from src\main\AndroidManifest.xml:47:10-125
	android:configChanges
		ADDED from src\main\AndroidManifest.xml:47:64-123
	android:name
		ADDED from src\main\AndroidManifest.xml:47:20-63
activity#com.shangx.hb_money_app.RSplashActivity
ADDED from src\main\AndroidManifest.xml:49:9-55:20
	android:label
		ADDED from src\main\AndroidManifest.xml:50:19-51
	android:name
		ADDED from src\main\AndroidManifest.xml:49:19-49
intent-filter#android.intent.action.MAIN+android.intent.category.LAUNCHER
ADDED from src\main\AndroidManifest.xml:51:13-54:29
action#android.intent.action.MAIN
ADDED from src\main\AndroidManifest.xml:52:17-68
	android:name
		ADDED from src\main\AndroidManifest.xml:52:25-66
category#android.intent.category.LAUNCHER
ADDED from src\main\AndroidManifest.xml:53:17-76
	android:name
		ADDED from src\main\AndroidManifest.xml:53:27-74
activity#com.shangx.hb_money_app.MainActivity
ADDED from src\main\AndroidManifest.xml:56:9-58
	android:name
		ADDED from src\main\AndroidManifest.xml:56:19-46
activity#com.shangx.hb_money_app.DetailActivity
ADDED from src\main\AndroidManifest.xml:57:9-60
	android:name
		ADDED from src\main\AndroidManifest.xml:57:19-48
service#com.shangx.hb_money_app.MonitorService
ADDED from src\main\AndroidManifest.xml:59:9-65:19
	android:permission
		ADDED from src\main\AndroidManifest.xml:60:18-84
	android:name
		ADDED from src\main\AndroidManifest.xml:59:18-48
intent-filter#android.accessibilityservice.AccessibilityService
ADDED from src\main\AndroidManifest.xml:61:13-63:29
action#android.accessibilityservice.AccessibilityService
ADDED from src\main\AndroidManifest.xml:62:17-91
	android:name
		ADDED from src\main\AndroidManifest.xml:62:25-89
meta-data#android.accessibilityservice
ADDED from src\main\AndroidManifest.xml:64:13-119
	android:resource
		ADDED from src\main\AndroidManifest.xml:64:68-117
	android:name
		ADDED from src\main\AndroidManifest.xml:64:24-67
service#com.shangx.hb_money_app.NotificationService
ADDED from src\main\AndroidManifest.xml:66:9-71:19
	android:permission
		ADDED from src\main\AndroidManifest.xml:67:18-92
	android:name
		ADDED from src\main\AndroidManifest.xml:66:18-53
intent-filter#android.service.notification.NotificationListenerService
ADDED from src\main\AndroidManifest.xml:68:13-70:29
action#android.service.notification.NotificationListenerService
ADDED from src\main\AndroidManifest.xml:69:17-99
	android:name
		ADDED from src\main\AndroidManifest.xml:69:25-96